Initialization time: 2025-06-16 12:06:03

**************************************************  Experiment 31 | Version 1 **************************************************
Label column '5y' found in metadata. Available columns: ['pid', 'study_yr', 'path', 'sct_slice_num_og', 'stage', '1y', '2y', '5y', '10y', 'fup_days', 'lung_side', 'de_stag', 'de_stag_7thed', 'sct_slice_new', 'sct_nod_err']

‚úÖ Saved split assignments to 'lung_metadata_with_splits.csv'

Using regular DataLoader for train subset

Using regular DataLoader for train subset

Using regular DataLoader for train subset

‚úÖ Set train dataloaders with 3 folds
  - Fold 1: 210 samples
    Label distribution: {0: 158, 1: 52}
    Batch label distribution: {0.0: 11, 1.0: 5}
    Batch label distribution: {0.0: 13, 1.0: 3}
    Batch label distribution: {0.0: 13, 1.0: 3}
    Batch label distribution: {0.0: 10, 1.0: 6}
    Batch label distribution: {0.0: 14, 1.0: 2}
    Batch label distribution: {0.0: 11, 1.0: 5}
    Batch label distribution: {0.0: 14, 1.0: 2}
    Batch label distribution: {0.0: 15, 1.0: 1}
    Batch label distribution: {0.0: 5, 1.0: 11}
    Batch label distribution: {0.0: 15, 1.0: 1}
    Batch label distribution: {0.0: 12, 1.0: 4}
    Batch label distribution: {0.0: 11, 1.0: 5}
    Batch label distribution: {0.0: 12, 1.0: 4}
    Batch label distribution: {0.0: 2}
  - Fold 2: 210 samples
    Label distribution: {0: 158, 1: 52}
    Batch label distribution: {0.0: 13, 1.0: 3}
    Batch label distribution: {0.0: 12, 1.0: 4}
    Batch label distribution: {0.0: 12, 1.0: 4}
    Batch label distribution: {0.0: 9, 1.0: 7}
    Batch label distribution: {0.0: 13, 1.0: 3}
    Batch label distribution: {0.0: 11, 1.0: 5}
    Batch label distribution: {0.0: 12, 1.0: 4}
    Batch label distribution: {0.0: 15, 1.0: 1}
    Batch label distribution: {0.0: 13, 1.0: 3}
    Batch label distribution: {0.0: 11, 1.0: 5}
    Batch label distribution: {0.0: 9, 1.0: 7}
    Batch label distribution: {0.0: 15, 1.0: 1}
    Batch label distribution: {0.0: 12, 1.0: 4}
    Batch label distribution: {0.0: 1, 1.0: 1}
  - Fold 3: 210 samples
    Label distribution: {0: 158, 1: 52}
    Batch label distribution: {0.0: 13, 1.0: 3}
    Batch label distribution: {0.0: 13, 1.0: 3}
    Batch label distribution: {0.0: 11, 1.0: 5}
    Batch label distribution: {0.0: 14, 1.0: 2}
    Batch label distribution: {0.0: 12, 1.0: 4}
    Batch label distribution: {0.0: 14, 1.0: 2}
    Batch label distribution: {0.0: 6, 1.0: 10}
    Batch label distribution: {0.0: 11, 1.0: 5}
    Batch label distribution: {0.0: 11, 1.0: 5}
    Batch label distribution: {0.0: 12, 1.0: 4}
    Batch label distribution: {0.0: 13, 1.0: 3}
    Batch label distribution: {0.0: 13, 1.0: 3}
    Batch label distribution: {0.0: 13, 1.0: 3}
    Batch label distribution: {0.0: 2}

Using regular DataLoader for validation subset

Using regular DataLoader for validation subset

Using regular DataLoader for validation subset

‚úÖ Set validation dataloaders with 3 folds
  - Fold 1: 105 samples
    Label distribution: {0: 79, 1: 26}
    Batch label distribution: {0.0: 13, 1.0: 3}
    Batch label distribution: {0.0: 12, 1.0: 4}
    Batch label distribution: {0.0: 11, 1.0: 5}
    Batch label distribution: {0.0: 13, 1.0: 3}
    Batch label distribution: {0.0: 12, 1.0: 4}
    Batch label distribution: {0.0: 12, 1.0: 4}
    Batch label distribution: {0.0: 6, 1.0: 3}
  - Fold 2: 105 samples
    Label distribution: {0: 79, 1: 26}
    Batch label distribution: {0.0: 12, 1.0: 4}
    Batch label distribution: {0.0: 14, 1.0: 2}
    Batch label distribution: {0.0: 14, 1.0: 2}
    Batch label distribution: {0.0: 12, 1.0: 4}
    Batch label distribution: {0.0: 11, 1.0: 5}
    Batch label distribution: {0.0: 11, 1.0: 5}
    Batch label distribution: {0.0: 5, 1.0: 4}
  - Fold 3: 105 samples
    Label distribution: {0: 79, 1: 26}
    Batch label distribution: {0.0: 10, 1.0: 6}
    Batch label distribution: {0.0: 12, 1.0: 4}
    Batch label distribution: {0.0: 13, 1.0: 3}
    Batch label distribution: {0.0: 13, 1.0: 3}
    Batch label distribution: {0.0: 10, 1.0: 6}
    Batch label distribution: {0.0: 13, 1.0: 3}
    Batch label distribution: {0.0: 8, 1.0: 1}

Using regular DataLoader for test subset

Using regular DataLoader for test subset

Using regular DataLoader for test subset

‚úÖ Set test dataloaders with 3 folds
  - Fold 1: 79 samples
    Label distribution: {0: 59, 1: 20}
    Batch label distribution: {0.0: 12, 1.0: 4}
    Batch label distribution: {0.0: 13, 1.0: 3}
    Batch label distribution: {0.0: 11, 1.0: 5}
    Batch label distribution: {0.0: 13, 1.0: 3}
    Batch label distribution: {0.0: 10, 1.0: 5}
  - Fold 2: 79 samples
    Label distribution: {0: 59, 1: 20}
    Batch label distribution: {0.0: 12, 1.0: 4}
    Batch label distribution: {0.0: 13, 1.0: 3}
    Batch label distribution: {0.0: 11, 1.0: 5}
    Batch label distribution: {0.0: 13, 1.0: 3}
    Batch label distribution: {0.0: 10, 1.0: 5}
  - Fold 3: 79 samples
    Label distribution: {0: 59, 1: 20}
wandb: Currently logged in as: maria-i-paiva (maria-i-paiva-inesc-tec) to https://api.wandb.ai. Use `wandb login --relogin` to force relogin
wandb: WARNING Using a boolean value for 'reinit' is deprecated. Use 'return_previous' or 'finish_previous' instead.
wandb: Tracking run with wandb version 0.19.11
wandb: Run data is saved locally in /nas-ctm01/homes/mipaiva/pipeline_template_pl/experiment_results/experiment_31/version_1/wandb/run-20250616_120617-kw7027cl
wandb: Run `wandb offline` to turn off syncing.
wandb: Syncing run resnet18_2d_31_1_fold1
wandb: ‚≠êÔ∏è View project at https://wandb.ai/maria-i-paiva-inesc-tec/cs_2d_roi_whole_slice_oneclass_22_splits
wandb: üöÄ View run at https://wandb.ai/maria-i-paiva-inesc-tec/cs_2d_roi_whole_slice_oneclass_22_splits/runs/kw7027cl
    Batch label distribution: {0.0: 12, 1.0: 4}
    Batch label distribution: {0.0: 13, 1.0: 3}
    Batch label distribution: {0.0: 11, 1.0: 5}
    Batch label distribution: {0.0: 13, 1.0: 3}
    Batch label distribution: {0.0: 10, 1.0: 5}

Running model pipeline for data fold 1...
Label column '5y' found in metadata. Available columns: ['pid', 'study_yr', 'path', 'sct_slice_num_og', 'stage', '1y', '2y', '5y', '10y', 'fup_days', 'lung_side', 'de_stag', 'de_stag_7thed', 'sct_slice_new', 'sct_nod_err']
Label weights: tensor([3.0204], device='cuda:0', dtype=torch.float64)
srun: got SIGCONT
slurmstepd-02.ctm-deep-04: error: *** JOB 11796 ON 02.ctm-deep-04 CANCELLED AT 2025-06-16T12:08:03 ***
slurmstepd-02.ctm-deep-04: error: *** STEP 11796.0 ON 02.ctm-deep-04 CANCELLED AT 2025-06-16T12:08:03 ***
srun: forcing job termination
srun: Job step aborted: Waiting up to 32 seconds for job step to finish.
Error executing job with overrides: []
An error occurred during Hydra's exception formatting:
RuntimeError('DataLoader worker (pid 93384) is killed by signal: Terminated. ')
Traceback (most recent call last):
  File "/nas-ctm01/homes/mipaiva/.conda/envs/pipeline/lib/python3.11/site-packages/hydra/_internal/utils.py", line 260, in run_and_report
    mdl = inspect.getmodule(frame)
          ^^^^^^^^^^^^^^^^^^^^^^^^
  File "/nas-ctm01/homes/mipaiva/.conda/envs/pipeline/lib/python3.11/inspect.py", line 987, in getmodule
    for modname, module in sys.modules.copy().items():
                           ^^^^^^^^^^^^^^^^^^
  File "/nas-ctm01/homes/mipaiva/.conda/envs/pipeline/lib/python3.11/site-packages/torch/utils/data/_utils/signal_handling.py", line 66, in handler
    _error_if_any_worker_fails()
RuntimeError: DataLoader worker (pid 93384) is killed by signal: Terminated. 

During handling of the above exception, another exception occurred:

Traceback (most recent call last):
  File "/nas-ctm01/homes/mipaiva/pipeline_template_pl/slurm_files/shell_script_files/../../src/scripts/run_experiment_pipeline.py", line 210, in <module>
    run_hyperparameter_grid_based_execution_pipeline()
  File "/nas-ctm01/homes/mipaiva/.conda/envs/pipeline/lib/python3.11/site-packages/hydra/main.py", line 94, in decorated_main
    _run_hydra(
  File "/nas-ctm01/homes/mipaiva/.conda/envs/pipeline/lib/python3.11/site-packages/hydra/_internal/utils.py", line 394, in _run_hydra
    _run_app(
  File "/nas-ctm01/homes/mipaiva/.conda/envs/pipeline/lib/python3.11/site-packages/hydra/_internal/utils.py", line 457, in _run_app
    run_and_report(
  File "/nas-ctm01/homes/mipaiva/.conda/envs/pipeline/lib/python3.11/site-packages/hydra/_internal/utils.py", line 302, in run_and_report
    raise ex
  File "/nas-ctm01/homes/mipaiva/.conda/envs/pipeline/lib/python3.11/site-packages/hydra/_internal/utils.py", line 220, in run_and_report
    return func()
           ^^^^^^
  File "/nas-ctm01/homes/mipaiva/.conda/envs/pipeline/lib/python3.11/site-packages/hydra/_internal/utils.py", line 458, in <lambda>
    lambda: hydra.run(
            ^^^^^^^^^^
  File "/nas-ctm01/homes/mipaiva/.conda/envs/pipeline/lib/python3.11/site-packages/hydra/_internal/hydra.py", line 132, in run
    _ = ret.return_value
        ^^^^^^^^^^^^^^^^
  File "/nas-ctm01/homes/mipaiva/.conda/envs/pipeline/lib/python3.11/site-packages/hydra/core/utils.py", line 260, in return_value
    raise self._return_value
  File "/nas-ctm01/homes/mipaiva/.conda/envs/pipeline/lib/python3.11/site-packages/hydra/core/utils.py", line 186, in run_job
    ret.return_value = task_function(task_cfg)
                       ^^^^^^^^^^^^^^^^^^^^^^^
  File "/nas-ctm01/homes/mipaiva/pipeline_template_pl/slurm_files/shell_script_files/../../src/scripts/run_experiment_pipeline.py", line 54, in run_hyperparameter_grid_based_execution_pipeline
    run_experiment_pipeline(config)
  File "/nas-ctm01/homes/mipaiva/pipeline_template_pl/slurm_files/shell_script_files/../../src/scripts/run_experiment_pipeline.py", line 166, in run_experiment_pipeline
    model_pipeline.train_model()
  File "/nas-ctm01/homes/mipaiva/pipeline_template_pl/src/modules/model/model_pipeline.py", line 68, in train_model
    self.pytorch_lightning_trainer.fit(
  File "/nas-ctm01/homes/mipaiva/.conda/envs/pipeline/lib/python3.11/site-packages/pytorch_lightning/trainer/trainer.py", line 532, in fit
    call._call_and_handle_interrupt(
  File "/nas-ctm01/homes/mipaiva/.conda/envs/pipeline/lib/python3.11/site-packages/pytorch_lightning/trainer/call.py", line 67, in _call_and_handle_interrupt
    trainer._teardown()
  File "/nas-ctm01/homes/mipaiva/.conda/envs/pipeline/lib/python3.11/site-packages/pytorch_lightning/trainer/trainer.py", line 1003, in _teardown
    self.strategy.teardown()
  File "/nas-ctm01/homes/mipaiva/.conda/envs/pipeline/lib/python3.11/site-packages/pytorch_lightning/strategies/strategy.py", line 494, in teardown
    _optimizers_to_device(self.optimizers, torch.device("cpu"))
  File "/nas-ctm01/homes/mipaiva/.conda/envs/pipeline/lib/python3.11/site-packages/lightning_fabric/utilities/optimizer.py", line 28, in _optimizers_to_device
    _optimizer_to_device(opt, device)
  File "/nas-ctm01/homes/mipaiva/.conda/envs/pipeline/lib/python3.11/site-packages/lightning_fabric/utilities/optimizer.py", line 34, in _optimizer_to_device
    optimizer.state[p] = apply_to_collection(v, Tensor, move_data_to_device, device, allow_frozen=True)
                         ^^^^^^^^^^^^^^^^^^^^^^^^^^^^^^^^^^^^^^^^^^^^^^^^^^^^^^^^^^^^^^^^^^^^^^^^^^^^^^
  File "/nas-ctm01/homes/mipaiva/.conda/envs/pipeline/lib/python3.11/site-packages/lightning_utilities/core/apply_func.py", line 54, in apply_to_collection
    return _apply_to_collection_slow(
           ^^^^^^^^^^^^^^^^^^^^^^^^^^
  File "/nas-ctm01/homes/mipaiva/.conda/envs/pipeline/lib/python3.11/site-packages/lightning_utilities/core/apply_func.py", line 106, in _apply_to_collection_slow
    v = _apply_to_collection_slow(
        ^^^^^^^^^^^^^^^^^^^^^^^^^^
  File "/nas-ctm01/homes/mipaiva/.conda/envs/pipeline/lib/python3.11/site-packages/lightning_utilities/core/apply_func.py", line 98, in _apply_to_collection_slow
    return function(data, *args, **kwargs)
           ^^^^^^^^^^^^^^^^^^^^^^^^^^^^^^^
  File "/nas-ctm01/homes/mipaiva/.conda/envs/pipeline/lib/python3.11/site-packages/lightning_fabric/utilities/apply_func.py", line 101, in move_data_to_device
    return apply_to_collection(batch, dtype=_TransferableDataType, function=batch_to)
           ^^^^^^^^^^^^^^^^^^^^^^^^^^^^^^^^^^^^^^^^^^^^^^^^^^^^^^^^^^^^^^^^^^^^^^^^^^
  File "/nas-ctm01/homes/mipaiva/.conda/envs/pipeline/lib/python3.11/site-packages/lightning_utilities/core/apply_func.py", line 66, in apply_to_collection
    return function(data, *args, **kwargs)
           ^^^^^^^^^^^^^^^^^^^^^^^^^^^^^^^
  File "/nas-ctm01/homes/mipaiva/.conda/envs/pipeline/lib/python3.11/site-packages/lightning_fabric/utilities/apply_func.py", line 95, in batch_to
    data_output = data.to(device, **kwargs)
                  ^^^^^^^^^^^^^^^^^^^^^^^^^
  File "/nas-ctm01/homes/mipaiva/.conda/envs/pipeline/lib/python3.11/site-packages/torch/utils/data/_utils/signal_handling.py", line 66, in handler
    _error_if_any_worker_fails()
RuntimeError: DataLoader worker (pid 93204) is killed by signal: Terminated. 
Exception ignored in atexit callback: <function _start_and_connect_service.<locals>.teardown_atexit at 0x7de0d2606b60>
Traceback (most recent call last):
  File "/nas-ctm01/homes/mipaiva/.conda/envs/pipeline/lib/python3.11/site-packages/wandb/sdk/lib/service_connection.py", line 94, in teardown_atexit
    conn.teardown(hooks.exit_code)
  File "/nas-ctm01/homes/mipaiva/.conda/envs/pipeline/lib/python3.11/site-packages/wandb/sdk/lib/service_connection.py", line 228, in teardown
    self._client.send_server_request(
  File "/nas-ctm01/homes/mipaiva/.conda/envs/pipeline/lib/python3.11/site-packages/wandb/sdk/lib/sock_client.py", line 154, in send_server_request
    self._send_message(msg)
  File "/nas-ctm01/homes/mipaiva/.conda/envs/pipeline/lib/python3.11/site-packages/wandb/sdk/lib/sock_client.py", line 151, in _send_message
    self._sendall_with_error_handle(header + data)
  File "/nas-ctm01/homes/mipaiva/.conda/envs/pipeline/lib/python3.11/site-packages/wandb/sdk/lib/sock_client.py", line 130, in _sendall_with_error_handle
    sent = self._sock.send(data)
           ^^^^^^^^^^^^^^^^^^^^^
BrokenPipeError: [Errno 32] Broken pipe
srun: error: 02.ctm-deep-04: task 0: Exited with exit code 1
