
**************************************************  Experiment 1 | Version 1 **************************************************

Running model pipeline for data fold 1...
...model pipeline for data fold 1 has run!

Running model pipeline for data fold 2...
...model pipeline for data fold 2 has run!

Running model pipeline for data fold 3...
...model pipeline for data fold 3 has run!

Running model pipeline for data fold 4...
...model pipeline for data fold 4 has run!

Running model pipeline for data fold 5...
Error executing job with overrides: []
Traceback (most recent call last):
  File "/nas-ctm01/homes/emrodrigues/python_projects/pytorch_lightning_dl_pipeline_template/slurm_files/shell_script_files/../../src/scripts/run_experiment_pipeline.py", line 52, in run_hyperparameter_grid_based_execution_pipeline
    run_experiment_pipeline(config)
  File "/nas-ctm01/homes/emrodrigues/python_projects/pytorch_lightning_dl_pipeline_template/slurm_files/shell_script_files/../../src/scripts/run_experiment_pipeline.py", line 160, in run_experiment_pipeline
    experiment_execution_config.save(config)
  File "/nas-ctm01/homes/emrodrigues/python_projects/pytorch_lightning_dl_pipeline_template/src/modules/experiment_execution/config.py", line 22, in save
    OmegaConf.to_container(config, resolve=True),
    ^^^^^^^^^^^^^^^^^^^^^^^^^^^^^^^^^^^^^^^^^^^^
omegaconf.errors.InterpolationKeyError: Interpolation key 'metadata.use_mode_for_internal_structure_and_calcification' not found
    full_key: data.dataloader.use_mode_for_internal_structure_and_calcification
    object_type=dict

Set the environment variable HYDRA_FULL_ERROR=1 for a complete stack trace.
...model pipeline for data fold 5 has run!
srun: error: 02.ctm-deep-04: task 0: Exited with exit code 1
