Error executing job with overrides: []
Traceback (most recent call last):
  File "/nas-ctm01/homes/mipaiva/pipeline_template_pl/slurm_files/shell_script_files/../../src/scripts/run_experiment_pipeline.py", line 52, in run_hyperparameter_grid_based_execution_pipeline
    run_experiment_pipeline(config)
  File "/nas-ctm01/homes/mipaiva/pipeline_template_pl/slurm_files/shell_script_files/../../src/scripts/run_experiment_pipeline.py", line 94, in run_experiment_pipeline
    dataloader = PreprocessedDataLoader(
                 ^^^^^^^^^^^^^^^^^^^^^^^
  File "/nas-ctm01/homes/mipaiva/pipeline_template_pl/src/modules/data/dataloader/preprocessed_dataloader.py", line 25, in __new__
    return NLSTPreprocessedKFoldDataLoader(
           ^^^^^^^^^^^^^^^^^^^^^^^^^^^^^^^^
  File "/nas-ctm01/homes/mipaiva/pipeline_template_pl/src/modules/data/dataloader/preprocessed_dataloaders/nlst_preprocessed_dataloader.py", line 42, in __init__
    self._set_data_splits(self.lung_metadataframe)
  File "/nas-ctm01/homes/mipaiva/pipeline_template_pl/src/modules/data/dataloader/preprocessed_dataloaders/nlst_preprocessed_dataloader.py", line 112, in _set_data_splits
    train_test_split(
  File "/nas-ctm01/homes/mipaiva/.conda/envs/pipeline/lib/python3.11/site-packages/sklearn/utils/_param_validation.py", line 216, in wrapper
    return func(*args, **kwargs)
           ^^^^^^^^^^^^^^^^^^^^^
  File "/nas-ctm01/homes/mipaiva/.conda/envs/pipeline/lib/python3.11/site-packages/sklearn/model_selection/_split.py", line 2872, in train_test_split
    train, test = next(cv.split(X=arrays[0], y=stratify))
                       ^^^^^^^^^^^^^^^^^^^^^^^^^^^^^^^^^
  File "/nas-ctm01/homes/mipaiva/.conda/envs/pipeline/lib/python3.11/site-packages/sklearn/model_selection/_split.py", line 2405, in split
    y = check_array(y, input_name="y", ensure_2d=False, dtype=None)
        ^^^^^^^^^^^^^^^^^^^^^^^^^^^^^^^^^^^^^^^^^^^^^^^^^^^^^^^^^^^
  File "/nas-ctm01/homes/mipaiva/.conda/envs/pipeline/lib/python3.11/site-packages/sklearn/utils/validation.py", line 1130, in check_array
    raise ValueError(
ValueError: Found array with 0 sample(s) (shape=(0,)) while a minimum of 1 is required.

Set the environment variable HYDRA_FULL_ERROR=1 for a complete stack trace.

**************************************************  Experiment 12 | Version 1 **************************************************
Label column '5y' found in metadata. Available columns: ['pid', 'study_yr', 'path', 'sct_slice_num_og', 'stage', '1y', '2y', '5y', '10y', 'fup_days']
Train and validation set label distribution:
label
0    240
1     80
Name: count, dtype: int64
Test set label distribution:
label
0    60
1    20
Name: count, dtype: int64
srun: error: 01.ctm-deep-03: task 0: Exited with exit code 1
