Initialization time: 2025-04-28 10:11:06
Traceback (most recent call last):
  File "/nas-ctm01/homes/mipaiva/pipeline_template_pl/slurm_files/shell_script_files/../../src/scripts/run_experiment_pipeline.py", line 174, in <module>
    run_hyperparameter_grid_based_execution_pipeline()
TypeError: run_hyperparameter_grid_based_execution_pipeline() missing 1 required positional argument: 'config'
srun: error: 03.ctm-deep-05: task 0: Exited with exit code 1
Finish time: 2025-04-28 10:11:13
